[EL Info]: 2019-11-01 21:58:22.88--ServerSession(1409545055)--EclipseLink, version: Eclipse Persistence Services - 2.7.0.v20170811-d680af5
[EL Info]: connection: 2019-11-01 21:58:23.391--ServerSession(1409545055)--/file:/C:/Users/Elmer/Documents/GitHub/RI/JPA/ri.jpa.cws.p6.skeleton/cws_services/bin/_carworkshop login successful
[EL Fine]: sql: 2019-11-01 21:58:23.42--ServerSession(1409545055)--Connection(443934570)--ALTER TABLE TCERTIFICATES DROP CONSTRAINT FK_TCERTIFICATES_MECHANIC_ID
[EL Fine]: sql: 2019-11-01 21:58:23.43--ServerSession(1409545055)--CALL 1
[EL Fine]: sql: 2019-11-01 21:58:23.433--ServerSession(1409545055)--Connection(443934570)--ALTER TABLE TCERTIFICATES DROP CONSTRAINT FK_TCERTIFICATES_VEHICLETYPE_ID
[EL Fine]: sql: 2019-11-01 21:58:23.433--ServerSession(1409545055)--CALL 1
[EL Fine]: sql: 2019-11-01 21:58:23.436--ServerSession(1409545055)--Connection(443934570)--ALTER TABLE TCERTIFICATES DROP CONSTRAINT UNQ_TCERTIFICATES_0
[EL Fine]: sql: 2019-11-01 21:58:23.436--ServerSession(1409545055)--CALL 1
[EL Fine]: sql: 2019-11-01 21:58:23.437--ServerSession(1409545055)--Connection(443934570)--ALTER TABLE TENROLLMENTS DROP CONSTRAINT FK_TENROLLMENTS_MECHANIC_ID
[EL Fine]: sql: 2019-11-01 21:58:23.438--ServerSession(1409545055)--CALL 1
[EL Fine]: sql: 2019-11-01 21:58:23.439--ServerSession(1409545055)--Connection(443934570)--ALTER TABLE TENROLLMENTS DROP CONSTRAINT FK_TENROLLMENTS_COURSE_ID
[EL Fine]: sql: 2019-11-01 21:58:23.439--ServerSession(1409545055)--CALL 1
[EL Fine]: sql: 2019-11-01 21:58:23.44--ServerSession(1409545055)--Connection(443934570)--ALTER TABLE TENROLLMENTS DROP CONSTRAINT UNQ_TENROLLMENTS_0
[EL Fine]: sql: 2019-11-01 21:58:23.441--ServerSession(1409545055)--CALL 1
[EL Fine]: sql: 2019-11-01 21:58:23.442--ServerSession(1409545055)--Connection(443934570)--ALTER TABLE tInterventions DROP CONSTRAINT FK_tInterventions_MECHANIC_ID
[EL Fine]: sql: 2019-11-01 21:58:23.442--ServerSession(1409545055)--CALL 1
[EL Fine]: sql: 2019-11-01 21:58:23.443--ServerSession(1409545055)--Connection(443934570)--ALTER TABLE tInterventions DROP CONSTRAINT FK_tInterventions_WORKORDER_ID
[EL Fine]: sql: 2019-11-01 21:58:23.444--ServerSession(1409545055)--CALL 1
[EL Fine]: sql: 2019-11-01 21:58:23.445--ServerSession(1409545055)--Connection(443934570)--ALTER TABLE tInterventions DROP CONSTRAINT UNQ_tInterventions_0
[EL Fine]: sql: 2019-11-01 21:58:23.446--ServerSession(1409545055)--CALL 1
[EL Fine]: sql: 2019-11-01 21:58:23.447--ServerSession(1409545055)--Connection(443934570)--ALTER TABLE tPaymentMeans DROP CONSTRAINT FK_tPaymentMeans_CLIENT_ID
[EL Fine]: sql: 2019-11-01 21:58:23.447--ServerSession(1409545055)--CALL 1
[EL Fine]: sql: 2019-11-01 21:58:23.448--ServerSession(1409545055)--Connection(443934570)--ALTER TABLE TDEDICATIONS DROP CONSTRAINT FK_TDEDICATIONS_COURSE_ID
[EL Fine]: sql: 2019-11-01 21:58:23.45--ServerSession(1409545055)--CALL 1
[EL Fine]: sql: 2019-11-01 21:58:23.452--ServerSession(1409545055)--Connection(443934570)--ALTER TABLE TDEDICATIONS DROP CONSTRAINT FK_TDEDICATIONS_VEHICLETYPE_ID
[EL Fine]: sql: 2019-11-01 21:58:23.452--ServerSession(1409545055)--CALL 1
[EL Fine]: sql: 2019-11-01 21:58:23.453--ServerSession(1409545055)--Connection(443934570)--ALTER TABLE TDEDICATIONS DROP CONSTRAINT UNQ_TDEDICATIONS_0
[EL Fine]: sql: 2019-11-01 21:58:23.454--ServerSession(1409545055)--CALL 1
[EL Fine]: sql: 2019-11-01 21:58:23.455--ServerSession(1409545055)--Connection(443934570)--ALTER TABLE TVouchers DROP CONSTRAINT FK_TVouchers_ID
[EL Fine]: sql: 2019-11-01 21:58:23.455--ServerSession(1409545055)--CALL 1
[EL Fine]: sql: 2019-11-01 21:58:23.457--ServerSession(1409545055)--Connection(443934570)--ALTER TABLE tSubstitutions DROP CONSTRAINT FK_tSubstitutions_INTERVENTION_ID
[EL Fine]: sql: 2019-11-01 21:58:23.458--ServerSession(1409545055)--CALL 1
[EL Fine]: sql: 2019-11-01 21:58:23.46--ServerSession(1409545055)--Connection(443934570)--ALTER TABLE tSubstitutions DROP CONSTRAINT FK_tSubstitutions_SPAREPART_ID
[EL Fine]: sql: 2019-11-01 21:58:23.461--ServerSession(1409545055)--CALL 1
[EL Fine]: sql: 2019-11-01 21:58:23.462--ServerSession(1409545055)--Connection(443934570)--ALTER TABLE tSubstitutions DROP CONSTRAINT UNQ_tSubstitutions_0
[EL Fine]: sql: 2019-11-01 21:58:23.463--ServerSession(1409545055)--CALL 1
[EL Fine]: sql: 2019-11-01 21:58:23.464--ServerSession(1409545055)--Connection(443934570)--ALTER TABLE tCashes DROP CONSTRAINT FK_tCashes_ID
[EL Fine]: sql: 2019-11-01 21:58:23.464--ServerSession(1409545055)--CALL 1
[EL Fine]: sql: 2019-11-01 21:58:23.465--ServerSession(1409545055)--Connection(443934570)--ALTER TABLE TWORKORDERS DROP CONSTRAINT FK_TWORKORDERS_MECHANIC_ID
[EL Fine]: sql: 2019-11-01 21:58:23.466--ServerSession(1409545055)--CALL 1
[EL Fine]: sql: 2019-11-01 21:58:23.467--ServerSession(1409545055)--Connection(443934570)--ALTER TABLE TWORKORDERS DROP CONSTRAINT FK_TWORKORDERS_VEHICLE_ID
[EL Fine]: sql: 2019-11-01 21:58:23.467--ServerSession(1409545055)--CALL 1
[EL Fine]: sql: 2019-11-01 21:58:23.47--ServerSession(1409545055)--Connection(443934570)--ALTER TABLE TWORKORDERS DROP CONSTRAINT FK_TWORKORDERS_INVOICE_ID
[EL Fine]: sql: 2019-11-01 21:58:23.47--ServerSession(1409545055)--CALL 1
[EL Fine]: sql: 2019-11-01 21:58:23.471--ServerSession(1409545055)--Connection(443934570)--ALTER TABLE TWORKORDERS DROP CONSTRAINT UNQ_TWORKORDERS_0
[EL Fine]: sql: 2019-11-01 21:58:23.472--ServerSession(1409545055)--CALL 1
[EL Fine]: sql: 2019-11-01 21:58:23.473--ServerSession(1409545055)--Connection(443934570)--ALTER TABLE tCharges DROP CONSTRAINT FK_tCharges_INVOICE_ID
[EL Fine]: sql: 2019-11-01 21:58:23.473--ServerSession(1409545055)--CALL 1
[EL Fine]: sql: 2019-11-01 21:58:23.476--ServerSession(1409545055)--Connection(443934570)--ALTER TABLE tCharges DROP CONSTRAINT FK_tCharges_PAYMENTMEAN_ID
[EL Fine]: sql: 2019-11-01 21:58:23.477--ServerSession(1409545055)--CALL 1
[EL Fine]: sql: 2019-11-01 21:58:23.479--ServerSession(1409545055)--Connection(443934570)--ALTER TABLE tCharges DROP CONSTRAINT UNQ_tCharges_0
[EL Fine]: sql: 2019-11-01 21:58:23.48--ServerSession(1409545055)--CALL 1
[EL Fine]: sql: 2019-11-01 21:58:23.48--ServerSession(1409545055)--Connection(443934570)--ALTER TABLE tCreditCards DROP CONSTRAINT FK_tCreditCards_ID
[EL Fine]: sql: 2019-11-01 21:58:23.481--ServerSession(1409545055)--CALL 1
[EL Fine]: sql: 2019-11-01 21:58:23.482--ServerSession(1409545055)--Connection(443934570)--ALTER TABLE tVehicles DROP CONSTRAINT FK_tVehicles_CLIENT_ID
[EL Fine]: sql: 2019-11-01 21:58:23.483--ServerSession(1409545055)--CALL 1
[EL Fine]: sql: 2019-11-01 21:58:23.484--ServerSession(1409545055)--Connection(443934570)--ALTER TABLE tVehicles DROP CONSTRAINT FK_tVehicles_VEHICLETYPE_ID
[EL Fine]: sql: 2019-11-01 21:58:23.484--ServerSession(1409545055)--CALL 1
[EL Fine]: sql: 2019-11-01 21:58:23.486--ServerSession(1409545055)--Connection(443934570)--DROP TABLE tInvoices
[EL Fine]: sql: 2019-11-01 21:58:23.487--ServerSession(1409545055)--CALL 1
[EL Fine]: sql: 2019-11-01 21:58:23.488--ServerSession(1409545055)--Connection(443934570)--DROP TABLE TCERTIFICATES
[EL Fine]: sql: 2019-11-01 21:58:23.489--ServerSession(1409545055)--CALL 1
[EL Fine]: sql: 2019-11-01 21:58:23.493--ServerSession(1409545055)--Connection(443934570)--DROP TABLE TENROLLMENTS
[EL Fine]: sql: 2019-11-01 21:58:23.495--ServerSession(1409545055)--CALL 1
[EL Fine]: sql: 2019-11-01 21:58:23.497--ServerSession(1409545055)--Connection(443934570)--DROP TABLE tInterventions
[EL Fine]: sql: 2019-11-01 21:58:23.498--ServerSession(1409545055)--CALL 1
[EL Fine]: sql: 2019-11-01 21:58:23.499--ServerSession(1409545055)--Connection(443934570)--DROP TABLE tPaymentMeans
[EL Fine]: sql: 2019-11-01 21:58:23.5--ServerSession(1409545055)--CALL 1
[EL Fine]: sql: 2019-11-01 21:58:23.501--ServerSession(1409545055)--Connection(443934570)--DROP TABLE TCOURSES
[EL Fine]: sql: 2019-11-01 21:58:23.502--ServerSession(1409545055)--CALL 1
[EL Fine]: sql: 2019-11-01 21:58:23.503--ServerSession(1409545055)--Connection(443934570)--DROP TABLE TSPAREPARTS
[EL Fine]: sql: 2019-11-01 21:58:23.503--ServerSession(1409545055)--CALL 1
[EL Fine]: sql: 2019-11-01 21:58:23.504--ServerSession(1409545055)--Connection(443934570)--DROP TABLE TDEDICATIONS
[EL Fine]: sql: 2019-11-01 21:58:23.505--ServerSession(1409545055)--CALL 1
[EL Fine]: sql: 2019-11-01 21:58:23.508--ServerSession(1409545055)--Connection(443934570)--DROP TABLE TVouchers
[EL Fine]: sql: 2019-11-01 21:58:23.509--ServerSession(1409545055)--CALL 1
[EL Fine]: sql: 2019-11-01 21:58:23.511--ServerSession(1409545055)--Connection(443934570)--DROP TABLE tClients
[EL Fine]: sql: 2019-11-01 21:58:23.511--ServerSession(1409545055)--CALL 1
[EL Fine]: sql: 2019-11-01 21:58:23.512--ServerSession(1409545055)--Connection(443934570)--DROP TABLE tSubstitutions
[EL Fine]: sql: 2019-11-01 21:58:23.513--ServerSession(1409545055)--CALL 1
[EL Fine]: sql: 2019-11-01 21:58:23.515--ServerSession(1409545055)--Connection(443934570)--DROP TABLE tVehicleTypes
[EL Fine]: sql: 2019-11-01 21:58:23.515--ServerSession(1409545055)--CALL 1
[EL Fine]: sql: 2019-11-01 21:58:23.516--ServerSession(1409545055)--Connection(443934570)--DROP TABLE tCashes
[EL Fine]: sql: 2019-11-01 21:58:23.518--ServerSession(1409545055)--CALL 1
[EL Fine]: sql: 2019-11-01 21:58:23.522--ServerSession(1409545055)--Connection(443934570)--DROP TABLE TWORKORDERS
[EL Fine]: sql: 2019-11-01 21:58:23.523--ServerSession(1409545055)--CALL 1
[EL Fine]: sql: 2019-11-01 21:58:23.524--ServerSession(1409545055)--Connection(443934570)--DROP TABLE tCharges
[EL Fine]: sql: 2019-11-01 21:58:23.525--ServerSession(1409545055)--CALL 1
[EL Fine]: sql: 2019-11-01 21:58:23.526--ServerSession(1409545055)--Connection(443934570)--DROP TABLE tCreditCards
[EL Fine]: sql: 2019-11-01 21:58:23.526--ServerSession(1409545055)--CALL 1
[EL Fine]: sql: 2019-11-01 21:58:23.528--ServerSession(1409545055)--Connection(443934570)--DROP TABLE tVehicles
[EL Fine]: sql: 2019-11-01 21:58:23.529--ServerSession(1409545055)--CALL 1
[EL Fine]: sql: 2019-11-01 21:58:23.53--ServerSession(1409545055)--Connection(443934570)--DROP TABLE tMechanics
[EL Fine]: sql: 2019-11-01 21:58:23.53--ServerSession(1409545055)--CALL 1
[EL Fine]: sql: 2019-11-01 21:58:23.531--ServerSession(1409545055)--Connection(443934570)--DROP TABLE tInvoices
[EL Fine]: sql: 2019-11-01 21:58:23.532--ServerSession(1409545055)--CALL 1
[EL Fine]: sql: 2019-11-01 21:58:23.534--ServerSession(1409545055)--Connection(443934570)--DROP TABLE TCERTIFICATES
[EL Fine]: sql: 2019-11-01 21:58:23.535--ServerSession(1409545055)--CALL 1
[EL Fine]: sql: 2019-11-01 21:58:23.536--ServerSession(1409545055)--Connection(443934570)--DROP TABLE TENROLLMENTS
[EL Fine]: sql: 2019-11-01 21:58:23.536--ServerSession(1409545055)--CALL 1
[EL Fine]: sql: 2019-11-01 21:58:23.537--ServerSession(1409545055)--Connection(443934570)--DROP TABLE tInterventions
[EL Fine]: sql: 2019-11-01 21:58:23.538--ServerSession(1409545055)--CALL 1
[EL Fine]: sql: 2019-11-01 21:58:23.538--ServerSession(1409545055)--Connection(443934570)--DROP TABLE tPaymentMeans
[EL Fine]: sql: 2019-11-01 21:58:23.539--ServerSession(1409545055)--CALL 1
[EL Fine]: sql: 2019-11-01 21:58:23.54--ServerSession(1409545055)--Connection(443934570)--DROP TABLE TCOURSES
[EL Fine]: sql: 2019-11-01 21:58:23.544--ServerSession(1409545055)--CALL 1
[EL Fine]: sql: 2019-11-01 21:58:23.552--ServerSession(1409545055)--Connection(443934570)--DROP TABLE TSPAREPARTS
[EL Fine]: sql: 2019-11-01 21:58:23.553--ServerSession(1409545055)--CALL 1
[EL Fine]: sql: 2019-11-01 21:58:23.554--ServerSession(1409545055)--Connection(443934570)--DROP TABLE TDEDICATIONS
[EL Fine]: sql: 2019-11-01 21:58:23.555--ServerSession(1409545055)--CALL 1
[EL Fine]: sql: 2019-11-01 21:58:23.556--ServerSession(1409545055)--Connection(443934570)--DROP TABLE TVouchers
[EL Fine]: sql: 2019-11-01 21:58:23.556--ServerSession(1409545055)--CALL 1
[EL Fine]: sql: 2019-11-01 21:58:23.558--ServerSession(1409545055)--Connection(443934570)--DROP TABLE tClients
[EL Fine]: sql: 2019-11-01 21:58:23.559--ServerSession(1409545055)--CALL 1
[EL Fine]: sql: 2019-11-01 21:58:23.56--ServerSession(1409545055)--Connection(443934570)--DROP TABLE tSubstitutions
[EL Fine]: sql: 2019-11-01 21:58:23.561--ServerSession(1409545055)--CALL 1
[EL Fine]: sql: 2019-11-01 21:58:23.562--ServerSession(1409545055)--Connection(443934570)--DROP TABLE tVehicleTypes
[EL Fine]: sql: 2019-11-01 21:58:23.562--ServerSession(1409545055)--CALL 1
[EL Fine]: sql: 2019-11-01 21:58:23.563--ServerSession(1409545055)--Connection(443934570)--DROP TABLE tCashes
[EL Fine]: sql: 2019-11-01 21:58:23.564--ServerSession(1409545055)--CALL 1
[EL Fine]: sql: 2019-11-01 21:58:23.565--ServerSession(1409545055)--Connection(443934570)--DROP TABLE TWORKORDERS
[EL Fine]: sql: 2019-11-01 21:58:23.566--ServerSession(1409545055)--CALL 1
[EL Fine]: sql: 2019-11-01 21:58:23.567--ServerSession(1409545055)--Connection(443934570)--DROP TABLE tCharges
[EL Fine]: sql: 2019-11-01 21:58:23.568--ServerSession(1409545055)--CALL 1
[EL Fine]: sql: 2019-11-01 21:58:23.569--ServerSession(1409545055)--Connection(443934570)--DROP TABLE tCreditCards
[EL Fine]: sql: 2019-11-01 21:58:23.57--ServerSession(1409545055)--CALL 1
[EL Fine]: sql: 2019-11-01 21:58:23.573--ServerSession(1409545055)--Connection(443934570)--DROP TABLE tVehicles
[EL Fine]: sql: 2019-11-01 21:58:23.574--ServerSession(1409545055)--CALL 1
[EL Fine]: sql: 2019-11-01 21:58:23.576--ServerSession(1409545055)--Connection(443934570)--DROP TABLE tMechanics
[EL Fine]: sql: 2019-11-01 21:58:23.577--ServerSession(1409545055)--CALL 1
[EL Fine]: sql: 2019-11-01 21:58:23.578--ServerSession(1409545055)--Connection(443934570)--DROP TABLE tInvoices
[EL Fine]: sql: 2019-11-01 21:58:23.579--ServerSession(1409545055)--CALL 1
[EL Fine]: sql: 2019-11-01 21:58:23.58--ServerSession(1409545055)--Connection(443934570)--DROP TABLE TCERTIFICATES
[EL Fine]: sql: 2019-11-01 21:58:23.58--ServerSession(1409545055)--CALL 1
[EL Fine]: sql: 2019-11-01 21:58:23.582--ServerSession(1409545055)--Connection(443934570)--DROP TABLE TENROLLMENTS
[EL Fine]: sql: 2019-11-01 21:58:23.582--ServerSession(1409545055)--CALL 1
[EL Fine]: sql: 2019-11-01 21:58:23.584--ServerSession(1409545055)--Connection(443934570)--DROP TABLE tInterventions
[EL Fine]: sql: 2019-11-01 21:58:23.585--ServerSession(1409545055)--CALL 1
[EL Fine]: sql: 2019-11-01 21:58:23.586--ServerSession(1409545055)--Connection(443934570)--DROP TABLE tPaymentMeans
[EL Fine]: sql: 2019-11-01 21:58:23.587--ServerSession(1409545055)--CALL 1
[EL Fine]: sql: 2019-11-01 21:58:23.588--ServerSession(1409545055)--Connection(443934570)--DROP TABLE TCOURSES
[EL Fine]: sql: 2019-11-01 21:58:23.588--ServerSession(1409545055)--CALL 1
[EL Fine]: sql: 2019-11-01 21:58:23.589--ServerSession(1409545055)--Connection(443934570)--DROP TABLE TSPAREPARTS
[EL Fine]: sql: 2019-11-01 21:58:23.59--ServerSession(1409545055)--CALL 1
[EL Fine]: sql: 2019-11-01 21:58:23.591--ServerSession(1409545055)--Connection(443934570)--DROP TABLE TDEDICATIONS
[EL Fine]: sql: 2019-11-01 21:58:23.591--ServerSession(1409545055)--CALL 1
[EL Fine]: sql: 2019-11-01 21:58:23.592--ServerSession(1409545055)--Connection(443934570)--DROP TABLE TVouchers
[EL Fine]: sql: 2019-11-01 21:58:23.593--ServerSession(1409545055)--CALL 1
[EL Fine]: sql: 2019-11-01 21:58:23.599--ServerSession(1409545055)--Connection(443934570)--DROP TABLE tClients
[EL Fine]: sql: 2019-11-01 21:58:23.602--ServerSession(1409545055)--CALL 1
[EL Fine]: sql: 2019-11-01 21:58:23.604--ServerSession(1409545055)--Connection(443934570)--DROP TABLE tSubstitutions
[EL Fine]: sql: 2019-11-01 21:58:23.605--ServerSession(1409545055)--CALL 1
[EL Fine]: sql: 2019-11-01 21:58:23.606--ServerSession(1409545055)--Connection(443934570)--DROP TABLE tVehicleTypes
[EL Fine]: sql: 2019-11-01 21:58:23.608--ServerSession(1409545055)--CALL 1
[EL Fine]: sql: 2019-11-01 21:58:23.611--ServerSession(1409545055)--Connection(443934570)--DROP TABLE tCashes
[EL Fine]: sql: 2019-11-01 21:58:23.612--ServerSession(1409545055)--CALL 1
[EL Fine]: sql: 2019-11-01 21:58:23.613--ServerSession(1409545055)--Connection(443934570)--DROP TABLE TWORKORDERS
[EL Fine]: sql: 2019-11-01 21:58:23.614--ServerSession(1409545055)--CALL 1
[EL Fine]: sql: 2019-11-01 21:58:23.615--ServerSession(1409545055)--Connection(443934570)--DROP TABLE tCharges
[EL Fine]: sql: 2019-11-01 21:58:23.619--ServerSession(1409545055)--CALL 1
[EL Fine]: sql: 2019-11-01 21:58:23.62--ServerSession(1409545055)--Connection(443934570)--DROP TABLE tCreditCards
[EL Fine]: sql: 2019-11-01 21:58:23.62--ServerSession(1409545055)--CALL 1
[EL Fine]: sql: 2019-11-01 21:58:23.621--ServerSession(1409545055)--Connection(443934570)--DROP TABLE tVehicles
[EL Fine]: sql: 2019-11-01 21:58:23.622--ServerSession(1409545055)--CALL 1
[EL Fine]: sql: 2019-11-01 21:58:23.623--ServerSession(1409545055)--Connection(443934570)--DROP TABLE tMechanics
[EL Fine]: sql: 2019-11-01 21:58:23.623--ServerSession(1409545055)--CALL 1
[EL Fine]: sql: 2019-11-01 21:58:23.624--ServerSession(1409545055)--Connection(443934570)--DROP TABLE tInvoices
[EL Fine]: sql: 2019-11-01 21:58:23.625--ServerSession(1409545055)--CALL 1
[EL Fine]: sql: 2019-11-01 21:58:23.627--ServerSession(1409545055)--Connection(443934570)--DROP TABLE TCERTIFICATES
[EL Fine]: sql: 2019-11-01 21:58:23.628--ServerSession(1409545055)--CALL 1
[EL Fine]: sql: 2019-11-01 21:58:23.629--ServerSession(1409545055)--Connection(443934570)--DROP TABLE TENROLLMENTS
[EL Fine]: sql: 2019-11-01 21:58:23.629--ServerSession(1409545055)--CALL 1
[EL Fine]: sql: 2019-11-01 21:58:23.63--ServerSession(1409545055)--Connection(443934570)--DROP TABLE tInterventions
[EL Fine]: sql: 2019-11-01 21:58:23.631--ServerSession(1409545055)--CALL 1
[EL Fine]: sql: 2019-11-01 21:58:23.632--ServerSession(1409545055)--Connection(443934570)--DROP TABLE tPaymentMeans
[EL Fine]: sql: 2019-11-01 21:58:23.632--ServerSession(1409545055)--CALL 1
[EL Fine]: sql: 2019-11-01 21:58:23.633--ServerSession(1409545055)--Connection(443934570)--DROP TABLE TCOURSES
[EL Fine]: sql: 2019-11-01 21:58:23.633--ServerSession(1409545055)--CALL 1
[EL Fine]: sql: 2019-11-01 21:58:23.634--ServerSession(1409545055)--Connection(443934570)--DROP TABLE TSPAREPARTS
[EL Fine]: sql: 2019-11-01 21:58:23.635--ServerSession(1409545055)--CALL 1
[EL Fine]: sql: 2019-11-01 21:58:23.636--ServerSession(1409545055)--Connection(443934570)--DROP TABLE TDEDICATIONS
[EL Fine]: sql: 2019-11-01 21:58:23.637--ServerSession(1409545055)--CALL 1
[EL Fine]: sql: 2019-11-01 21:58:23.638--ServerSession(1409545055)--Connection(443934570)--DROP TABLE TVouchers
[EL Fine]: sql: 2019-11-01 21:58:23.638--ServerSession(1409545055)--CALL 1
[EL Fine]: sql: 2019-11-01 21:58:23.639--ServerSession(1409545055)--Connection(443934570)--DROP TABLE tClients
[EL Fine]: sql: 2019-11-01 21:58:23.64--ServerSession(1409545055)--CALL 1
[EL Fine]: sql: 2019-11-01 21:58:23.64--ServerSession(1409545055)--Connection(443934570)--DROP TABLE tSubstitutions
[EL Fine]: sql: 2019-11-01 21:58:23.641--ServerSession(1409545055)--CALL 1
[EL Fine]: sql: 2019-11-01 21:58:23.643--ServerSession(1409545055)--Connection(443934570)--DROP TABLE tVehicleTypes
[EL Fine]: sql: 2019-11-01 21:58:23.644--ServerSession(1409545055)--CALL 1
[EL Fine]: sql: 2019-11-01 21:58:23.646--ServerSession(1409545055)--Connection(443934570)--DROP TABLE tCashes
[EL Fine]: sql: 2019-11-01 21:58:23.647--ServerSession(1409545055)--CALL 1
[EL Fine]: sql: 2019-11-01 21:58:23.65--ServerSession(1409545055)--Connection(443934570)--DROP TABLE TWORKORDERS
[EL Fine]: sql: 2019-11-01 21:58:23.651--ServerSession(1409545055)--CALL 1
[EL Fine]: sql: 2019-11-01 21:58:23.652--ServerSession(1409545055)--Connection(443934570)--DROP TABLE tCharges
[EL Fine]: sql: 2019-11-01 21:58:23.652--ServerSession(1409545055)--CALL 1
[EL Fine]: sql: 2019-11-01 21:58:23.653--ServerSession(1409545055)--Connection(443934570)--DROP TABLE tCreditCards
[EL Fine]: sql: 2019-11-01 21:58:23.654--ServerSession(1409545055)--CALL 1
[EL Fine]: sql: 2019-11-01 21:58:23.655--ServerSession(1409545055)--Connection(443934570)--DROP TABLE tVehicles
[EL Fine]: sql: 2019-11-01 21:58:23.655--ServerSession(1409545055)--CALL 1
[EL Fine]: sql: 2019-11-01 21:58:23.656--ServerSession(1409545055)--Connection(443934570)--DROP TABLE tMechanics
[EL Fine]: sql: 2019-11-01 21:58:23.656--ServerSession(1409545055)--CALL 1
[EL Fine]: sql: 2019-11-01 21:58:23.657--ServerSession(1409545055)--Connection(443934570)--DROP TABLE tInvoices
[EL Fine]: sql: 2019-11-01 21:58:23.658--ServerSession(1409545055)--CALL 1
[EL Fine]: sql: 2019-11-01 21:58:23.659--ServerSession(1409545055)--Connection(443934570)--DROP TABLE TCERTIFICATES
[EL Fine]: sql: 2019-11-01 21:58:23.659--ServerSession(1409545055)--CALL 1
[EL Fine]: sql: 2019-11-01 21:58:23.662--ServerSession(1409545055)--Connection(443934570)--DROP TABLE TENROLLMENTS
[EL Fine]: sql: 2019-11-01 21:58:23.663--ServerSession(1409545055)--CALL 1
[EL Fine]: sql: 2019-11-01 21:58:23.664--ServerSession(1409545055)--Connection(443934570)--DROP TABLE tInterventions
[EL Fine]: sql: 2019-11-01 21:58:23.664--ServerSession(1409545055)--CALL 1
[EL Fine]: sql: 2019-11-01 21:58:23.665--ServerSession(1409545055)--Connection(443934570)--DROP TABLE tPaymentMeans
[EL Fine]: sql: 2019-11-01 21:58:23.666--ServerSession(1409545055)--CALL 1
[EL Fine]: sql: 2019-11-01 21:58:23.666--ServerSession(1409545055)--Connection(443934570)--DROP TABLE TCOURSES
[EL Fine]: sql: 2019-11-01 21:58:23.667--ServerSession(1409545055)--CALL 1
[EL Fine]: sql: 2019-11-01 21:58:23.668--ServerSession(1409545055)--Connection(443934570)--DROP TABLE TSPAREPARTS
[EL Fine]: sql: 2019-11-01 21:58:23.668--ServerSession(1409545055)--CALL 1
[EL Fine]: sql: 2019-11-01 21:58:23.669--ServerSession(1409545055)--Connection(443934570)--DROP TABLE TDEDICATIONS
[EL Fine]: sql: 2019-11-01 21:58:23.67--ServerSession(1409545055)--CALL 1
[EL Fine]: sql: 2019-11-01 21:58:23.671--ServerSession(1409545055)--Connection(443934570)--DROP TABLE TVouchers
[EL Fine]: sql: 2019-11-01 21:58:23.671--ServerSession(1409545055)--CALL 1
[EL Fine]: sql: 2019-11-01 21:58:23.672--ServerSession(1409545055)--Connection(443934570)--DROP TABLE tClients
[EL Fine]: sql: 2019-11-01 21:58:23.672--ServerSession(1409545055)--CALL 1
[EL Fine]: sql: 2019-11-01 21:58:23.673--ServerSession(1409545055)--Connection(443934570)--DROP TABLE tSubstitutions
[EL Fine]: sql: 2019-11-01 21:58:23.673--ServerSession(1409545055)--CALL 1
[EL Fine]: sql: 2019-11-01 21:58:23.674--ServerSession(1409545055)--Connection(443934570)--DROP TABLE tVehicleTypes
[EL Fine]: sql: 2019-11-01 21:58:23.675--ServerSession(1409545055)--CALL 1
[EL Fine]: sql: 2019-11-01 21:58:23.675--ServerSession(1409545055)--Connection(443934570)--DROP TABLE tCashes
[EL Fine]: sql: 2019-11-01 21:58:23.676--ServerSession(1409545055)--CALL 1
[EL Fine]: sql: 2019-11-01 21:58:23.677--ServerSession(1409545055)--Connection(443934570)--DROP TABLE TWORKORDERS
[EL Fine]: sql: 2019-11-01 21:58:23.679--ServerSession(1409545055)--CALL 1
[EL Fine]: sql: 2019-11-01 21:58:23.681--ServerSession(1409545055)--Connection(443934570)--DROP TABLE tCharges
[EL Fine]: sql: 2019-11-01 21:58:23.682--ServerSession(1409545055)--CALL 1
[EL Fine]: sql: 2019-11-01 21:58:23.683--ServerSession(1409545055)--Connection(443934570)--DROP TABLE tCreditCards
[EL Fine]: sql: 2019-11-01 21:58:23.684--ServerSession(1409545055)--CALL 1
[EL Fine]: sql: 2019-11-01 21:58:23.686--ServerSession(1409545055)--Connection(443934570)--DROP TABLE tVehicles
[EL Fine]: sql: 2019-11-01 21:58:23.686--ServerSession(1409545055)--CALL 1
[EL Fine]: sql: 2019-11-01 21:58:23.687--ServerSession(1409545055)--Connection(443934570)--DROP TABLE tMechanics
[EL Fine]: sql: 2019-11-01 21:58:23.688--ServerSession(1409545055)--CALL 1
[EL Fine]: sql: 2019-11-01 21:58:23.689--ServerSession(1409545055)--Connection(443934570)--CREATE TABLE tInvoices (ID VARCHAR(255) NOT NULL, AMOUNT REAL, DATE TIMESTAMP, NUMBER BIGINT NOT NULL, STATUS VARCHAR(255), VAT REAL, VERSION BIGINT, PRIMARY KEY (ID))
[EL Fine]: sql: 2019-11-01 21:58:23.69--ServerSession(1409545055)--Connection(443934570)--CREATE TABLE TCERTIFICATES (ID VARCHAR(255) NOT NULL, DATE TIMESTAMP, VERSION BIGINT, MECHANIC_ID VARCHAR(255), VEHICLETYPE_ID VARCHAR(255), PRIMARY KEY (ID))
[EL Fine]: sql: 2019-11-01 21:58:23.692--ServerSession(1409545055)--Connection(443934570)--CREATE TABLE TENROLLMENTS (ID VARCHAR(255) NOT NULL, ATTENDANCE INTEGER, PASSED BOOLEAN, VERSION BIGINT, COURSE_ID VARCHAR(255), MECHANIC_ID VARCHAR(255), PRIMARY KEY (ID))
[EL Fine]: sql: 2019-11-01 21:58:23.695--ServerSession(1409545055)--Connection(443934570)--CREATE TABLE tInterventions (ID VARCHAR(255) NOT NULL, DATE TIMESTAMP, MINUTES INTEGER, VERSION BIGINT, MECHANIC_ID VARCHAR(255), WORKORDER_ID VARCHAR(255), PRIMARY KEY (ID))
[EL Fine]: sql: 2019-11-01 21:58:23.697--ServerSession(1409545055)--Connection(443934570)--CREATE TABLE tPaymentMeans (ID VARCHAR(255) NOT NULL, DTYPE VARCHAR(31), ACCUMULATED REAL, VERSION BIGINT, CLIENT_ID VARCHAR(255), PRIMARY KEY (ID))
[EL Fine]: sql: 2019-11-01 21:58:23.7--ServerSession(1409545055)--Connection(443934570)--CREATE TABLE TCOURSES (ID VARCHAR(255) NOT NULL, CODE VARCHAR(255) NOT NULL, DESCRIPTION VARCHAR(255), ENDDATE TIMESTAMP, HOURS INTEGER, NAME VARCHAR(255), STARTDATE TIMESTAMP, VERSION BIGINT, PRIMARY KEY (ID))
[EL Fine]: sql: 2019-11-01 21:58:23.702--ServerSession(1409545055)--Connection(443934570)--CREATE TABLE TSPAREPARTS (ID VARCHAR(255) NOT NULL, CODE VARCHAR(255) NOT NULL, DESCRIPTION VARCHAR(255), PRICE REAL, VERSION BIGINT, PRIMARY KEY (ID))
[EL Fine]: sql: 2019-11-01 21:58:23.705--ServerSession(1409545055)--Connection(443934570)--CREATE TABLE TDEDICATIONS (ID VARCHAR(255) NOT NULL, PERCENTAGE INTEGER, VERSION BIGINT, COURSE_ID VARCHAR(255), VEHICLETYPE_ID VARCHAR(255), PRIMARY KEY (ID))
[EL Fine]: sql: 2019-11-01 21:58:23.708--ServerSession(1409545055)--Connection(443934570)--CREATE TABLE TVouchers (ID VARCHAR(255) NOT NULL, AVAILABLE REAL, CODE VARCHAR(255), DESCRIPTION VARCHAR(255), PRIMARY KEY (ID))
[EL Fine]: sql: 2019-11-01 21:58:23.711--ServerSession(1409545055)--Connection(443934570)--CREATE TABLE tClients (ID VARCHAR(255) NOT NULL, DNI VARCHAR(255) NOT NULL, EMAIL VARCHAR(255), NAME VARCHAR(255), PHONE VARCHAR(255), SURNAME VARCHAR(255), VERSION BIGINT, CITY VARCHAR(255), STREET VARCHAR(255), ZIPCODE VARCHAR(255), PRIMARY KEY (ID))
[EL Fine]: sql: 2019-11-01 21:58:23.714--ServerSession(1409545055)--Connection(443934570)--CREATE TABLE tSubstitutions (ID VARCHAR(255) NOT NULL, QUANTITY INTEGER, VERSION BIGINT, INTERVENTION_ID VARCHAR(255), SPAREPART_ID VARCHAR(255), PRIMARY KEY (ID))
[EL Fine]: sql: 2019-11-01 21:58:23.716--ServerSession(1409545055)--Connection(443934570)--CREATE TABLE tVehicleTypes (ID VARCHAR(255) NOT NULL, MINTRAININGHOURS INTEGER, NAME VARCHAR(255) NOT NULL, PRICEPERHOUR REAL, VERSION BIGINT, PRIMARY KEY (ID))
[EL Fine]: sql: 2019-11-01 21:58:23.718--ServerSession(1409545055)--Connection(443934570)--CREATE TABLE tCashes (ID VARCHAR(255) NOT NULL, PRIMARY KEY (ID))
[EL Fine]: sql: 2019-11-01 21:58:23.72--ServerSession(1409545055)--Connection(443934570)--CREATE TABLE TWORKORDERS (ID VARCHAR(255) NOT NULL, AMOUNT REAL, DATE TIMESTAMP, DESCRIPTION VARCHAR(255), STATUS VARCHAR(255), VERSION BIGINT, INVOICE_ID VARCHAR(255), MECHANIC_ID VARCHAR(255), VEHICLE_ID VARCHAR(255), PRIMARY KEY (ID))
[EL Fine]: sql: 2019-11-01 21:58:23.721--ServerSession(1409545055)--Connection(443934570)--CREATE TABLE tCharges (ID VARCHAR(255) NOT NULL, AMOUNT REAL, VERSION BIGINT, INVOICE_ID VARCHAR(255), PAYMENTMEAN_ID VARCHAR(255), PRIMARY KEY (ID))
[EL Fine]: sql: 2019-11-01 21:58:23.723--ServerSession(1409545055)--Connection(443934570)--CREATE TABLE tCreditCards (ID VARCHAR(255) NOT NULL, NUMBER VARCHAR(255) NOT NULL, TYPE VARCHAR(255), VALIDTHRU TIMESTAMP, PRIMARY KEY (ID))
[EL Fine]: sql: 2019-11-01 21:58:23.725--ServerSession(1409545055)--Connection(443934570)--CREATE TABLE tVehicles (ID VARCHAR(255) NOT NULL, MAKE VARCHAR(255), MODEL VARCHAR(255), NUM_WORKORDERS INTEGER, PLATENUMBER VARCHAR(255) NOT NULL, VERSION BIGINT, CLIENT_ID VARCHAR(255), VEHICLETYPE_ID VARCHAR(255), PRIMARY KEY (ID))
[EL Fine]: sql: 2019-11-01 21:58:23.728--ServerSession(1409545055)--Connection(443934570)--CREATE TABLE tMechanics (ID VARCHAR(255) NOT NULL, DNI VARCHAR(255) NOT NULL, NAME VARCHAR(255), SURNAME VARCHAR(255), VERSION BIGINT, PRIMARY KEY (ID))
[EL Fine]: sql: 2019-11-01 21:58:23.734--ServerSession(1409545055)--Connection(443934570)--ALTER TABLE tInvoices ADD CONSTRAINT UNQ_tInvoices_3 UNIQUE (NUMBER)
[EL Fine]: sql: 2019-11-01 21:58:23.736--ServerSession(1409545055)--Connection(443934570)--ALTER TABLE TCERTIFICATES ADD CONSTRAINT UNQ_TCERTIFICATES_0 UNIQUE (MECHANIC_ID, VEHICLETYPE_ID)
[EL Fine]: sql: 2019-11-01 21:58:23.74--ServerSession(1409545055)--Connection(443934570)--ALTER TABLE TENROLLMENTS ADD CONSTRAINT UNQ_TENROLLMENTS_0 UNIQUE (MECHANIC_ID, COURSE_ID)
[EL Fine]: sql: 2019-11-01 21:58:23.742--ServerSession(1409545055)--Connection(443934570)--ALTER TABLE tInterventions ADD CONSTRAINT UNQ_tInterventions_0 UNIQUE (mechanic_id, workOrder_id)
[EL Fine]: sql: 2019-11-01 21:58:23.745--ServerSession(1409545055)--Connection(443934570)--ALTER TABLE TCOURSES ADD CONSTRAINT UNQ_TCOURSES_1 UNIQUE (CODE)
[EL Fine]: sql: 2019-11-01 21:58:23.747--ServerSession(1409545055)--Connection(443934570)--ALTER TABLE TSPAREPARTS ADD CONSTRAINT UNQ_TSPAREPARTS_1 UNIQUE (CODE)
[EL Fine]: sql: 2019-11-01 21:58:23.75--ServerSession(1409545055)--Connection(443934570)--ALTER TABLE TDEDICATIONS ADD CONSTRAINT UNQ_TDEDICATIONS_0 UNIQUE (VEHICLETYPE_ID, COURSE_ID)
[EL Fine]: sql: 2019-11-01 21:58:23.751--ServerSession(1409545055)--Connection(443934570)--ALTER TABLE TVouchers ADD CONSTRAINT UNQ_TVouchers_2 UNIQUE (CODE)
[EL Fine]: sql: 2019-11-01 21:58:23.753--ServerSession(1409545055)--Connection(443934570)--ALTER TABLE tClients ADD CONSTRAINT UNQ_tClients_1 UNIQUE (DNI)
[EL Fine]: sql: 2019-11-01 21:58:23.755--ServerSession(1409545055)--Connection(443934570)--ALTER TABLE tSubstitutions ADD CONSTRAINT UNQ_tSubstitutions_0 UNIQUE (SPAREPART_ID, INTERVENTION_ID)
[EL Fine]: sql: 2019-11-01 21:58:23.757--ServerSession(1409545055)--Connection(443934570)--ALTER TABLE tVehicleTypes ADD CONSTRAINT UNQ_tVehicleTypes_2 UNIQUE (NAME)
[EL Fine]: sql: 2019-11-01 21:58:23.758--ServerSession(1409545055)--Connection(443934570)--ALTER TABLE TWORKORDERS ADD CONSTRAINT UNQ_TWORKORDERS_0 UNIQUE (VEHICLE_ID, MECHANIC_ID, INVOICE_ID)
[EL Fine]: sql: 2019-11-01 21:58:23.759--ServerSession(1409545055)--Connection(443934570)--ALTER TABLE tCharges ADD CONSTRAINT UNQ_tCharges_0 UNIQUE (invoice_id, paymentMean_id)
[EL Fine]: sql: 2019-11-01 21:58:23.761--ServerSession(1409545055)--Connection(443934570)--ALTER TABLE tCreditCards ADD CONSTRAINT UNQ_tCreditCards_1 UNIQUE (NUMBER)
[EL Fine]: sql: 2019-11-01 21:58:23.763--ServerSession(1409545055)--Connection(443934570)--ALTER TABLE tVehicles ADD CONSTRAINT UNQ_tVehicles_4 UNIQUE (PLATENUMBER)
[EL Fine]: sql: 2019-11-01 21:58:23.765--ServerSession(1409545055)--Connection(443934570)--ALTER TABLE tMechanics ADD CONSTRAINT UNQ_tMechanics_1 UNIQUE (DNI)
[EL Fine]: sql: 2019-11-01 21:58:23.767--ServerSession(1409545055)--Connection(443934570)--ALTER TABLE TCERTIFICATES ADD CONSTRAINT FK_TCERTIFICATES_MECHANIC_ID FOREIGN KEY (MECHANIC_ID) REFERENCES tMechanics (ID)
[EL Fine]: sql: 2019-11-01 21:58:23.769--ServerSession(1409545055)--Connection(443934570)--ALTER TABLE TCERTIFICATES ADD CONSTRAINT FK_TCERTIFICATES_VEHICLETYPE_ID FOREIGN KEY (VEHICLETYPE_ID) REFERENCES tVehicleTypes (ID)
[EL Fine]: sql: 2019-11-01 21:58:23.77--ServerSession(1409545055)--Connection(443934570)--ALTER TABLE TENROLLMENTS ADD CONSTRAINT FK_TENROLLMENTS_MECHANIC_ID FOREIGN KEY (MECHANIC_ID) REFERENCES tMechanics (ID)
[EL Fine]: sql: 2019-11-01 21:58:23.772--ServerSession(1409545055)--Connection(443934570)--ALTER TABLE TENROLLMENTS ADD CONSTRAINT FK_TENROLLMENTS_COURSE_ID FOREIGN KEY (COURSE_ID) REFERENCES TCOURSES (ID)
[EL Fine]: sql: 2019-11-01 21:58:23.774--ServerSession(1409545055)--Connection(443934570)--ALTER TABLE tInterventions ADD CONSTRAINT FK_tInterventions_MECHANIC_ID FOREIGN KEY (MECHANIC_ID) REFERENCES tMechanics (ID)
[EL Fine]: sql: 2019-11-01 21:58:23.776--ServerSession(1409545055)--Connection(443934570)--ALTER TABLE tInterventions ADD CONSTRAINT FK_tInterventions_WORKORDER_ID FOREIGN KEY (WORKORDER_ID) REFERENCES TWORKORDERS (ID)
[EL Fine]: sql: 2019-11-01 21:58:23.778--ServerSession(1409545055)--Connection(443934570)--ALTER TABLE tPaymentMeans ADD CONSTRAINT FK_tPaymentMeans_CLIENT_ID FOREIGN KEY (CLIENT_ID) REFERENCES tClients (ID)
[EL Fine]: sql: 2019-11-01 21:58:23.78--ServerSession(1409545055)--Connection(443934570)--ALTER TABLE TDEDICATIONS ADD CONSTRAINT FK_TDEDICATIONS_COURSE_ID FOREIGN KEY (COURSE_ID) REFERENCES TCOURSES (ID)
[EL Fine]: sql: 2019-11-01 21:58:23.781--ServerSession(1409545055)--Connection(443934570)--ALTER TABLE TDEDICATIONS ADD CONSTRAINT FK_TDEDICATIONS_VEHICLETYPE_ID FOREIGN KEY (VEHICLETYPE_ID) REFERENCES tVehicleTypes (ID)
[EL Fine]: sql: 2019-11-01 21:58:23.783--ServerSession(1409545055)--Connection(443934570)--ALTER TABLE TVouchers ADD CONSTRAINT FK_TVouchers_ID FOREIGN KEY (ID) REFERENCES tPaymentMeans (ID)
[EL Fine]: sql: 2019-11-01 21:58:23.784--ServerSession(1409545055)--Connection(443934570)--ALTER TABLE tSubstitutions ADD CONSTRAINT FK_tSubstitutions_INTERVENTION_ID FOREIGN KEY (INTERVENTION_ID) REFERENCES tInterventions (ID)
[EL Fine]: sql: 2019-11-01 21:58:23.786--ServerSession(1409545055)--Connection(443934570)--ALTER TABLE tSubstitutions ADD CONSTRAINT FK_tSubstitutions_SPAREPART_ID FOREIGN KEY (SPAREPART_ID) REFERENCES TSPAREPARTS (ID)
[EL Fine]: sql: 2019-11-01 21:58:23.788--ServerSession(1409545055)--Connection(443934570)--ALTER TABLE tCashes ADD CONSTRAINT FK_tCashes_ID FOREIGN KEY (ID) REFERENCES tPaymentMeans (ID)
[EL Fine]: sql: 2019-11-01 21:58:23.79--ServerSession(1409545055)--Connection(443934570)--ALTER TABLE TWORKORDERS ADD CONSTRAINT FK_TWORKORDERS_MECHANIC_ID FOREIGN KEY (MECHANIC_ID) REFERENCES tMechanics (ID)
[EL Fine]: sql: 2019-11-01 21:58:23.795--ServerSession(1409545055)--Connection(443934570)--ALTER TABLE TWORKORDERS ADD CONSTRAINT FK_TWORKORDERS_VEHICLE_ID FOREIGN KEY (VEHICLE_ID) REFERENCES tVehicles (ID)
[EL Fine]: sql: 2019-11-01 21:58:23.796--ServerSession(1409545055)--Connection(443934570)--ALTER TABLE TWORKORDERS ADD CONSTRAINT FK_TWORKORDERS_INVOICE_ID FOREIGN KEY (INVOICE_ID) REFERENCES tInvoices (ID)
[EL Fine]: sql: 2019-11-01 21:58:23.798--ServerSession(1409545055)--Connection(443934570)--ALTER TABLE tCharges ADD CONSTRAINT FK_tCharges_INVOICE_ID FOREIGN KEY (INVOICE_ID) REFERENCES tInvoices (ID)
[EL Fine]: sql: 2019-11-01 21:58:23.799--ServerSession(1409545055)--Connection(443934570)--ALTER TABLE tCharges ADD CONSTRAINT FK_tCharges_PAYMENTMEAN_ID FOREIGN KEY (PAYMENTMEAN_ID) REFERENCES tPaymentMeans (ID)
[EL Fine]: sql: 2019-11-01 21:58:23.802--ServerSession(1409545055)--Connection(443934570)--ALTER TABLE tCreditCards ADD CONSTRAINT FK_tCreditCards_ID FOREIGN KEY (ID) REFERENCES tPaymentMeans (ID)
[EL Fine]: sql: 2019-11-01 21:58:23.803--ServerSession(1409545055)--Connection(443934570)--ALTER TABLE tVehicles ADD CONSTRAINT FK_tVehicles_CLIENT_ID FOREIGN KEY (CLIENT_ID) REFERENCES tClients (ID)
[EL Fine]: sql: 2019-11-01 21:58:23.806--ServerSession(1409545055)--Connection(443934570)--ALTER TABLE tVehicles ADD CONSTRAINT FK_tVehicles_VEHICLETYPE_ID FOREIGN KEY (VEHICLETYPE_ID) REFERENCES tVehicleTypes (ID)
[EL Info]: connection: 2019-11-01 21:58:23.858--ServerSession(1409545055)--/file:/C:/Users/Elmer/Documents/GitHub/RI/JPA/ri.jpa.cws.p6.skeleton/cws_services/bin/_carworkshop logout successful
