[EL Info]: 2019-10-30 23:19:43.253--ServerSession(1949298838)--EclipseLink, version: Eclipse Persistence Services - 2.7.0.v20170811-d680af5
[EL Info]: connection: 2019-10-30 23:19:43.578--ServerSession(1949298838)--/file:/C:/Users/Elmer/Documents/GitHub/RI/JPA/ri.jpa.cws.p6.skeleton/cws_services/bin/_carworkshop login successful
[EL Warning]: properties: 2019-10-30 23:19:43.58--ServerSession(1949298838)--Unknown eclipselink.ddl-generation value provided [drop-and-creat-tables] for the persistence unit [carworkshop]. Valid options are: [none, create-tables, drop-tables, drop-and-create-tables, create-or-extend-tables]
[EL Fine]: sql: 2019-10-30 23:19:43.627--ClientSession(1230955136)--Connection(1336001042)--INSERT INTO tClients (ID, DNI, EMAIL, NAME, PHONE, SURNAME, VERSION, CITY, STREET, ZIPCODE) VALUES (?, ?, ?, ?, ?, ?, ?, ?, ?, ?)
	bind => [10 parameters bound]
[EL Fine]: sql: 2019-10-30 23:19:43.633--ClientSession(1230955136)--CALL 1
[EL Warning]: 2019-10-30 23:19:43.635--UnitOfWork(1955021259)--Exception [EclipseLink-4002] (Eclipse Persistence Services - 2.7.0.v20170811-d680af5): org.eclipse.persistence.exceptions.DatabaseException
Internal Exception: java.sql.SQLSyntaxErrorException: usuario no tiene privilegios suficientes o objeto no encontrado: TCLIENTS
Error Code: -5501
Call: INSERT INTO tClients (ID, DNI, EMAIL, NAME, PHONE, SURNAME, VERSION, CITY, STREET, ZIPCODE) VALUES (?, ?, ?, ?, ?, ?, ?, ?, ?, ?)
	bind => [10 parameters bound]
Query: InsertObjectQuery(Client{dni='dni', name='nombre', surname='apellidos', email='null', phone='null', address=Address [street=street, city=city, zipCode=zipcode]})
[EL Fine]: sql: 2019-10-30 23:19:43.649--ServerSession(1949298838)--Connection(1336001042)--SELECT ID, AMOUNT, VERSION, INVOICE_ID, PAYMENTMEAN_ID FROM tCharges WHERE (ID = ?)
	bind => [1 parameter bound]
[EL Fine]: sql: 2019-10-30 23:19:43.65--ServerSession(1949298838)--CALL 1
[EL Warning]: 2019-10-30 23:19:43.651--UnitOfWork(1178587240)--Exception [EclipseLink-4002] (Eclipse Persistence Services - 2.7.0.v20170811-d680af5): org.eclipse.persistence.exceptions.DatabaseException
Internal Exception: java.sql.SQLSyntaxErrorException: usuario no tiene privilegios suficientes o objeto no encontrado: TCHARGES
Error Code: -5501
Call: SELECT ID, AMOUNT, VERSION, INVOICE_ID, PAYMENTMEAN_ID FROM tCharges WHERE (ID = ?)
	bind => [1 parameter bound]
Query: ReadObjectQuery(referenceClass=Charge )
[EL Fine]: sql: 2019-10-30 23:19:43.705--ClientSession(1390913202)--Connection(1336001042)--INSERT INTO tClients (ID, DNI, EMAIL, NAME, PHONE, SURNAME, VERSION, CITY, STREET, ZIPCODE) VALUES (?, ?, ?, ?, ?, ?, ?, ?, ?, ?)
	bind => [10 parameters bound]
[EL Fine]: sql: 2019-10-30 23:19:43.705--ClientSession(1390913202)--CALL 1
[EL Warning]: 2019-10-30 23:19:43.706--UnitOfWork(698741991)--Exception [EclipseLink-4002] (Eclipse Persistence Services - 2.7.0.v20170811-d680af5): org.eclipse.persistence.exceptions.DatabaseException
Internal Exception: java.sql.SQLSyntaxErrorException: usuario no tiene privilegios suficientes o objeto no encontrado: TCLIENTS
Error Code: -5501
Call: INSERT INTO tClients (ID, DNI, EMAIL, NAME, PHONE, SURNAME, VERSION, CITY, STREET, ZIPCODE) VALUES (?, ?, ?, ?, ?, ?, ?, ?, ?, ?)
	bind => [10 parameters bound]
Query: InsertObjectQuery(Client{dni='dni', name='nombre', surname='apellidos', email='null', phone='null', address=Address [street=street, city=city, zipCode=zipcode]})
[EL Fine]: sql: 2019-10-30 23:19:43.707--ServerSession(1949298838)--Connection(1336001042)--SELECT ID, AMOUNT, VERSION, INVOICE_ID, PAYMENTMEAN_ID FROM tCharges WHERE (ID = ?)
	bind => [1 parameter bound]
[EL Fine]: sql: 2019-10-30 23:19:43.708--ServerSession(1949298838)--CALL 1
[EL Warning]: 2019-10-30 23:19:43.709--UnitOfWork(127702987)--Exception [EclipseLink-4002] (Eclipse Persistence Services - 2.7.0.v20170811-d680af5): org.eclipse.persistence.exceptions.DatabaseException
Internal Exception: java.sql.SQLSyntaxErrorException: usuario no tiene privilegios suficientes o objeto no encontrado: TCHARGES
Error Code: -5501
Call: SELECT ID, AMOUNT, VERSION, INVOICE_ID, PAYMENTMEAN_ID FROM tCharges WHERE (ID = ?)
	bind => [1 parameter bound]
Query: ReadObjectQuery(referenceClass=Charge )
[EL Fine]: sql: 2019-10-30 23:19:43.754--ClientSession(380274260)--Connection(1336001042)--INSERT INTO tClients (ID, DNI, EMAIL, NAME, PHONE, SURNAME, VERSION, CITY, STREET, ZIPCODE) VALUES (?, ?, ?, ?, ?, ?, ?, ?, ?, ?)
	bind => [10 parameters bound]
[EL Fine]: sql: 2019-10-30 23:19:43.755--ClientSession(380274260)--CALL 1
[EL Warning]: 2019-10-30 23:19:43.756--UnitOfWork(114818087)--Exception [EclipseLink-4002] (Eclipse Persistence Services - 2.7.0.v20170811-d680af5): org.eclipse.persistence.exceptions.DatabaseException
Internal Exception: java.sql.SQLSyntaxErrorException: usuario no tiene privilegios suficientes o objeto no encontrado: TCLIENTS
Error Code: -5501
Call: INSERT INTO tClients (ID, DNI, EMAIL, NAME, PHONE, SURNAME, VERSION, CITY, STREET, ZIPCODE) VALUES (?, ?, ?, ?, ?, ?, ?, ?, ?, ?)
	bind => [10 parameters bound]
Query: InsertObjectQuery(Client{dni='dni', name='nombre', surname='apellidos', email='null', phone='null', address=Address [street=street, city=city, zipCode=zipcode]})
[EL Fine]: sql: 2019-10-30 23:19:43.759--ServerSession(1949298838)--Connection(1336001042)--SELECT ID, AMOUNT, VERSION, INVOICE_ID, PAYMENTMEAN_ID FROM tCharges WHERE (ID = ?)
	bind => [1 parameter bound]
[EL Fine]: sql: 2019-10-30 23:19:43.761--ServerSession(1949298838)--CALL 1
[EL Warning]: 2019-10-30 23:19:43.762--UnitOfWork(1168924571)--Exception [EclipseLink-4002] (Eclipse Persistence Services - 2.7.0.v20170811-d680af5): org.eclipse.persistence.exceptions.DatabaseException
Internal Exception: java.sql.SQLSyntaxErrorException: usuario no tiene privilegios suficientes o objeto no encontrado: TCHARGES
Error Code: -5501
Call: SELECT ID, AMOUNT, VERSION, INVOICE_ID, PAYMENTMEAN_ID FROM tCharges WHERE (ID = ?)
	bind => [1 parameter bound]
Query: ReadObjectQuery(referenceClass=Charge )
[EL Fine]: sql: 2019-10-30 23:19:43.812--ClientSession(1634387050)--Connection(1336001042)--INSERT INTO tClients (ID, DNI, EMAIL, NAME, PHONE, SURNAME, VERSION, CITY, STREET, ZIPCODE) VALUES (?, ?, ?, ?, ?, ?, ?, ?, ?, ?)
	bind => [10 parameters bound]
[EL Fine]: sql: 2019-10-30 23:19:43.812--ClientSession(1634387050)--CALL 1
[EL Warning]: 2019-10-30 23:19:43.814--UnitOfWork(1740223770)--Exception [EclipseLink-4002] (Eclipse Persistence Services - 2.7.0.v20170811-d680af5): org.eclipse.persistence.exceptions.DatabaseException
Internal Exception: java.sql.SQLSyntaxErrorException: usuario no tiene privilegios suficientes o objeto no encontrado: TCLIENTS
Error Code: -5501
Call: INSERT INTO tClients (ID, DNI, EMAIL, NAME, PHONE, SURNAME, VERSION, CITY, STREET, ZIPCODE) VALUES (?, ?, ?, ?, ?, ?, ?, ?, ?, ?)
	bind => [10 parameters bound]
Query: InsertObjectQuery(Client{dni='dni', name='nombre', surname='apellidos', email='null', phone='null', address=Address [street=street, city=city, zipCode=zipcode]})
[EL Fine]: sql: 2019-10-30 23:19:43.815--ServerSession(1949298838)--Connection(1336001042)--SELECT ID, AMOUNT, VERSION, INVOICE_ID, PAYMENTMEAN_ID FROM tCharges WHERE (ID = ?)
	bind => [1 parameter bound]
[EL Fine]: sql: 2019-10-30 23:19:43.817--ServerSession(1949298838)--CALL 1
[EL Warning]: 2019-10-30 23:19:43.819--UnitOfWork(302366050)--Exception [EclipseLink-4002] (Eclipse Persistence Services - 2.7.0.v20170811-d680af5): org.eclipse.persistence.exceptions.DatabaseException
Internal Exception: java.sql.SQLSyntaxErrorException: usuario no tiene privilegios suficientes o objeto no encontrado: TCHARGES
Error Code: -5501
Call: SELECT ID, AMOUNT, VERSION, INVOICE_ID, PAYMENTMEAN_ID FROM tCharges WHERE (ID = ?)
	bind => [1 parameter bound]
Query: ReadObjectQuery(referenceClass=Charge )
[EL Fine]: sql: 2019-10-30 23:19:43.891--ClientSession(1311844206)--Connection(1336001042)--INSERT INTO tClients (ID, DNI, EMAIL, NAME, PHONE, SURNAME, VERSION, CITY, STREET, ZIPCODE) VALUES (?, ?, ?, ?, ?, ?, ?, ?, ?, ?)
	bind => [10 parameters bound]
[EL Fine]: sql: 2019-10-30 23:19:43.892--ClientSession(1311844206)--CALL 1
[EL Warning]: 2019-10-30 23:19:43.895--UnitOfWork(443721024)--Exception [EclipseLink-4002] (Eclipse Persistence Services - 2.7.0.v20170811-d680af5): org.eclipse.persistence.exceptions.DatabaseException
Internal Exception: java.sql.SQLSyntaxErrorException: usuario no tiene privilegios suficientes o objeto no encontrado: TCLIENTS
Error Code: -5501
Call: INSERT INTO tClients (ID, DNI, EMAIL, NAME, PHONE, SURNAME, VERSION, CITY, STREET, ZIPCODE) VALUES (?, ?, ?, ?, ?, ?, ?, ?, ?, ?)
	bind => [10 parameters bound]
Query: InsertObjectQuery(Client{dni='dni', name='nombre', surname='apellidos', email='null', phone='null', address=Address [street=street, city=city, zipCode=zipcode]})
[EL Fine]: sql: 2019-10-30 23:19:43.898--ServerSession(1949298838)--Connection(1336001042)--SELECT ID, AMOUNT, VERSION, INVOICE_ID, PAYMENTMEAN_ID FROM tCharges WHERE (ID = ?)
	bind => [1 parameter bound]
[EL Fine]: sql: 2019-10-30 23:19:43.899--ServerSession(1949298838)--CALL 1
[EL Warning]: 2019-10-30 23:19:43.9--UnitOfWork(668312960)--Exception [EclipseLink-4002] (Eclipse Persistence Services - 2.7.0.v20170811-d680af5): org.eclipse.persistence.exceptions.DatabaseException
Internal Exception: java.sql.SQLSyntaxErrorException: usuario no tiene privilegios suficientes o objeto no encontrado: TCHARGES
Error Code: -5501
Call: SELECT ID, AMOUNT, VERSION, INVOICE_ID, PAYMENTMEAN_ID FROM tCharges WHERE (ID = ?)
	bind => [1 parameter bound]
Query: ReadObjectQuery(referenceClass=Charge )
[EL Fine]: sql: 2019-10-30 23:19:43.934--ClientSession(753321708)--Connection(1336001042)--INSERT INTO tClients (ID, DNI, EMAIL, NAME, PHONE, SURNAME, VERSION, CITY, STREET, ZIPCODE) VALUES (?, ?, ?, ?, ?, ?, ?, ?, ?, ?)
	bind => [10 parameters bound]
[EL Fine]: sql: 2019-10-30 23:19:43.935--ClientSession(753321708)--CALL 1
[EL Warning]: 2019-10-30 23:19:43.936--UnitOfWork(464400749)--Exception [EclipseLink-4002] (Eclipse Persistence Services - 2.7.0.v20170811-d680af5): org.eclipse.persistence.exceptions.DatabaseException
Internal Exception: java.sql.SQLSyntaxErrorException: usuario no tiene privilegios suficientes o objeto no encontrado: TCLIENTS
Error Code: -5501
Call: INSERT INTO tClients (ID, DNI, EMAIL, NAME, PHONE, SURNAME, VERSION, CITY, STREET, ZIPCODE) VALUES (?, ?, ?, ?, ?, ?, ?, ?, ?, ?)
	bind => [10 parameters bound]
Query: InsertObjectQuery(Client{dni='dni', name='nombre', surname='apellidos', email='null', phone='null', address=Address [street=street, city=city, zipCode=zipcode]})
[EL Fine]: sql: 2019-10-30 23:19:43.937--ServerSession(1949298838)--Connection(1336001042)--SELECT ID, AMOUNT, VERSION, INVOICE_ID, PAYMENTMEAN_ID FROM tCharges WHERE (ID = ?)
	bind => [1 parameter bound]
[EL Fine]: sql: 2019-10-30 23:19:43.938--ServerSession(1949298838)--CALL 1
[EL Warning]: 2019-10-30 23:19:43.939--UnitOfWork(343563528)--Exception [EclipseLink-4002] (Eclipse Persistence Services - 2.7.0.v20170811-d680af5): org.eclipse.persistence.exceptions.DatabaseException
Internal Exception: java.sql.SQLSyntaxErrorException: usuario no tiene privilegios suficientes o objeto no encontrado: TCHARGES
Error Code: -5501
Call: SELECT ID, AMOUNT, VERSION, INVOICE_ID, PAYMENTMEAN_ID FROM tCharges WHERE (ID = ?)
	bind => [1 parameter bound]
Query: ReadObjectQuery(referenceClass=Charge )
[EL Fine]: sql: 2019-10-30 23:19:43.967--ClientSession(674019271)--Connection(1336001042)--INSERT INTO tClients (ID, DNI, EMAIL, NAME, PHONE, SURNAME, VERSION, CITY, STREET, ZIPCODE) VALUES (?, ?, ?, ?, ?, ?, ?, ?, ?, ?)
	bind => [10 parameters bound]
[EL Fine]: sql: 2019-10-30 23:19:43.968--ClientSession(674019271)--CALL 1
[EL Warning]: 2019-10-30 23:19:43.969--UnitOfWork(2106165633)--Exception [EclipseLink-4002] (Eclipse Persistence Services - 2.7.0.v20170811-d680af5): org.eclipse.persistence.exceptions.DatabaseException
Internal Exception: java.sql.SQLSyntaxErrorException: usuario no tiene privilegios suficientes o objeto no encontrado: TCLIENTS
Error Code: -5501
Call: INSERT INTO tClients (ID, DNI, EMAIL, NAME, PHONE, SURNAME, VERSION, CITY, STREET, ZIPCODE) VALUES (?, ?, ?, ?, ?, ?, ?, ?, ?, ?)
	bind => [10 parameters bound]
Query: InsertObjectQuery(Client{dni='dni', name='nombre', surname='apellidos', email='null', phone='null', address=Address [street=street, city=city, zipCode=zipcode]})
[EL Fine]: sql: 2019-10-30 23:19:43.97--ServerSession(1949298838)--Connection(1336001042)--SELECT ID, AMOUNT, VERSION, INVOICE_ID, PAYMENTMEAN_ID FROM tCharges WHERE (ID = ?)
	bind => [1 parameter bound]
[EL Fine]: sql: 2019-10-30 23:19:43.971--ServerSession(1949298838)--CALL 1
[EL Warning]: 2019-10-30 23:19:43.971--UnitOfWork(1221991240)--Exception [EclipseLink-4002] (Eclipse Persistence Services - 2.7.0.v20170811-d680af5): org.eclipse.persistence.exceptions.DatabaseException
Internal Exception: java.sql.SQLSyntaxErrorException: usuario no tiene privilegios suficientes o objeto no encontrado: TCHARGES
Error Code: -5501
Call: SELECT ID, AMOUNT, VERSION, INVOICE_ID, PAYMENTMEAN_ID FROM tCharges WHERE (ID = ?)
	bind => [1 parameter bound]
Query: ReadObjectQuery(referenceClass=Charge )
[EL Fine]: sql: 2019-10-30 23:19:44.005--ClientSession(762074108)--Connection(1336001042)--INSERT INTO tClients (ID, DNI, EMAIL, NAME, PHONE, SURNAME, VERSION, CITY, STREET, ZIPCODE) VALUES (?, ?, ?, ?, ?, ?, ?, ?, ?, ?)
	bind => [10 parameters bound]
[EL Fine]: sql: 2019-10-30 23:19:44.006--ClientSession(762074108)--CALL 1
[EL Warning]: 2019-10-30 23:19:44.007--UnitOfWork(636782475)--Exception [EclipseLink-4002] (Eclipse Persistence Services - 2.7.0.v20170811-d680af5): org.eclipse.persistence.exceptions.DatabaseException
Internal Exception: java.sql.SQLSyntaxErrorException: usuario no tiene privilegios suficientes o objeto no encontrado: TCLIENTS
Error Code: -5501
Call: INSERT INTO tClients (ID, DNI, EMAIL, NAME, PHONE, SURNAME, VERSION, CITY, STREET, ZIPCODE) VALUES (?, ?, ?, ?, ?, ?, ?, ?, ?, ?)
	bind => [10 parameters bound]
Query: InsertObjectQuery(Client{dni='dni', name='nombre', surname='apellidos', email='null', phone='null', address=Address [street=street, city=city, zipCode=zipcode]})
[EL Fine]: sql: 2019-10-30 23:19:44.008--ServerSession(1949298838)--Connection(1336001042)--SELECT ID, AMOUNT, VERSION, INVOICE_ID, PAYMENTMEAN_ID FROM tCharges WHERE (ID = ?)
	bind => [1 parameter bound]
[EL Fine]: sql: 2019-10-30 23:19:44.008--ServerSession(1949298838)--CALL 1
[EL Warning]: 2019-10-30 23:19:44.009--UnitOfWork(1312963234)--Exception [EclipseLink-4002] (Eclipse Persistence Services - 2.7.0.v20170811-d680af5): org.eclipse.persistence.exceptions.DatabaseException
Internal Exception: java.sql.SQLSyntaxErrorException: usuario no tiene privilegios suficientes o objeto no encontrado: TCHARGES
Error Code: -5501
Call: SELECT ID, AMOUNT, VERSION, INVOICE_ID, PAYMENTMEAN_ID FROM tCharges WHERE (ID = ?)
	bind => [1 parameter bound]
Query: ReadObjectQuery(referenceClass=Charge )
[EL Fine]: sql: 2019-10-30 23:19:44.033--ClientSession(1508181426)--Connection(1336001042)--INSERT INTO tClients (ID, DNI, EMAIL, NAME, PHONE, SURNAME, VERSION, CITY, STREET, ZIPCODE) VALUES (?, ?, ?, ?, ?, ?, ?, ?, ?, ?)
	bind => [10 parameters bound]
[EL Fine]: sql: 2019-10-30 23:19:44.033--ClientSession(1508181426)--CALL 1
[EL Warning]: 2019-10-30 23:19:44.034--UnitOfWork(988850650)--Exception [EclipseLink-4002] (Eclipse Persistence Services - 2.7.0.v20170811-d680af5): org.eclipse.persistence.exceptions.DatabaseException
Internal Exception: java.sql.SQLSyntaxErrorException: usuario no tiene privilegios suficientes o objeto no encontrado: TCLIENTS
Error Code: -5501
Call: INSERT INTO tClients (ID, DNI, EMAIL, NAME, PHONE, SURNAME, VERSION, CITY, STREET, ZIPCODE) VALUES (?, ?, ?, ?, ?, ?, ?, ?, ?, ?)
	bind => [10 parameters bound]
Query: InsertObjectQuery(Client{dni='dni', name='nombre', surname='apellidos', email='null', phone='null', address=Address [street=street, city=city, zipCode=zipcode]})
[EL Fine]: sql: 2019-10-30 23:19:44.035--ServerSession(1949298838)--Connection(1336001042)--SELECT ID, AMOUNT, VERSION, INVOICE_ID, PAYMENTMEAN_ID FROM tCharges WHERE (ID = ?)
	bind => [1 parameter bound]
[EL Fine]: sql: 2019-10-30 23:19:44.035--ServerSession(1949298838)--CALL 1
[EL Warning]: 2019-10-30 23:19:44.036--UnitOfWork(71016405)--Exception [EclipseLink-4002] (Eclipse Persistence Services - 2.7.0.v20170811-d680af5): org.eclipse.persistence.exceptions.DatabaseException
Internal Exception: java.sql.SQLSyntaxErrorException: usuario no tiene privilegios suficientes o objeto no encontrado: TCHARGES
Error Code: -5501
Call: SELECT ID, AMOUNT, VERSION, INVOICE_ID, PAYMENTMEAN_ID FROM tCharges WHERE (ID = ?)
	bind => [1 parameter bound]
Query: ReadObjectQuery(referenceClass=Charge )
[EL Fine]: sql: 2019-10-30 23:19:44.058--ClientSession(878668275)--Connection(1336001042)--INSERT INTO tClients (ID, DNI, EMAIL, NAME, PHONE, SURNAME, VERSION, CITY, STREET, ZIPCODE) VALUES (?, ?, ?, ?, ?, ?, ?, ?, ?, ?)
	bind => [10 parameters bound]
[EL Fine]: sql: 2019-10-30 23:19:44.059--ClientSession(878668275)--CALL 1
[EL Warning]: 2019-10-30 23:19:44.059--UnitOfWork(1356732524)--Exception [EclipseLink-4002] (Eclipse Persistence Services - 2.7.0.v20170811-d680af5): org.eclipse.persistence.exceptions.DatabaseException
Internal Exception: java.sql.SQLSyntaxErrorException: usuario no tiene privilegios suficientes o objeto no encontrado: TCLIENTS
Error Code: -5501
Call: INSERT INTO tClients (ID, DNI, EMAIL, NAME, PHONE, SURNAME, VERSION, CITY, STREET, ZIPCODE) VALUES (?, ?, ?, ?, ?, ?, ?, ?, ?, ?)
	bind => [10 parameters bound]
Query: InsertObjectQuery(Client{dni='dni', name='nombre', surname='apellidos', email='null', phone='null', address=Address [street=street, city=city, zipCode=zipcode]})
[EL Fine]: sql: 2019-10-30 23:19:44.06--ServerSession(1949298838)--Connection(1336001042)--SELECT ID, AMOUNT, VERSION, INVOICE_ID, PAYMENTMEAN_ID FROM tCharges WHERE (ID = ?)
	bind => [1 parameter bound]
[EL Fine]: sql: 2019-10-30 23:19:44.061--ServerSession(1949298838)--CALL 1
[EL Warning]: 2019-10-30 23:19:44.062--UnitOfWork(1062714541)--Exception [EclipseLink-4002] (Eclipse Persistence Services - 2.7.0.v20170811-d680af5): org.eclipse.persistence.exceptions.DatabaseException
Internal Exception: java.sql.SQLSyntaxErrorException: usuario no tiene privilegios suficientes o objeto no encontrado: TCHARGES
Error Code: -5501
Call: SELECT ID, AMOUNT, VERSION, INVOICE_ID, PAYMENTMEAN_ID FROM tCharges WHERE (ID = ?)
	bind => [1 parameter bound]
Query: ReadObjectQuery(referenceClass=Charge )
